<?xml version="1.0" encoding="UTF-8"?>
<testng-results ignored="0" total="1" passed="1" failed="0" skipped="0">
  <reporter-output>
  </reporter-output>
  <suite started-at="2024-04-22T04:26:12 CEST" name="Smoky" finished-at="2024-04-22T04:26:26 CEST" duration-ms="13749">
    <groups>
    </groups>
    <test started-at="2024-04-22T04:26:12 CEST" name="Smoky" finished-at="2024-04-22T04:26:26 CEST" duration-ms="13749">
      <class name="com.demoqa.tests.PracticeFormTest">
        <test-method is-config="true" signature="init()[pri:0, instance:com.demoqa.tests.PracticeFormTest@2e55dd0c]" started-at="2024-04-22T04:26:12 CEST" name="init" finished-at="2024-04-22T04:26:20 CEST" duration-ms="8176" status="PASS">
          <reporter-output>
          </reporter-output>
        </test-method> <!-- init -->
        <test-method is-config="true" signature="precondition()[pri:0, instance:com.demoqa.tests.PracticeFormTest@2e55dd0c]" started-at="2024-04-22T04:26:20 CEST" name="precondition" finished-at="2024-04-22T04:26:21 CEST" duration-ms="878" status="PASS">
          <reporter-output>
          </reporter-output>
        </test-method> <!-- precondition -->
        <test-method signature="createStudentAccountTest()[pri:0, instance:com.demoqa.tests.PracticeFormTest@2e55dd0c]" started-at="2024-04-22T04:26:21 CEST" name="createStudentAccountTest" finished-at="2024-04-22T04:26:25 CEST" duration-ms="4256" status="PASS">
          <reporter-output>
          </reporter-output>
        </test-method> <!-- createStudentAccountTest -->
        <test-method is-config="true" signature="setDriver()[pri:0, instance:com.demoqa.tests.PracticeFormTest@2e55dd0c]" started-at="2024-04-22T04:26:25 CEST" name="setDriver" finished-at="2024-04-22T04:26:26 CEST" duration-ms="353" status="PASS">
          <reporter-output>
          </reporter-output>
        </test-method> <!-- setDriver -->
      </class> <!-- com.demoqa.tests.PracticeFormTest -->
    </test> <!-- Smoky -->
  </suite> <!-- Smoky -->
</testng-results>
